-------------------------------------------------------------------------------
Test set: quarkiverse.pokedex.client.test.PokedexClientDevModeTest
-------------------------------------------------------------------------------
Tests run: 1, Failures: 0, Errors: 1, Skipped: 0, Time elapsed: 3.268 s <<< FAILURE! - in quarkiverse.pokedex.client.test.PokedexClientDevModeTest
quarkiverse.pokedex.client.test.PokedexClientDevModeTest.writeYourOwnDevModeTest  Time elapsed: 3.234 s  <<< ERROR!
java.lang.RuntimeException: 
io.quarkus.builder.BuildException: Build failure: Build failed due to errors
	[error]: Build step io.quarkus.arc.deployment.ArcProcessor#validate threw an exception: javax.enterprise.inject.spi.DeploymentException: javax.enterprise.inject.UnsatisfiedResolutionException: Unsatisfied dependency for type quarkiverse.pokedex.client.runtime.rest.PokeRestClientBlocking and qualifiers [@RestClient]
	- java member: quarkiverse.pokedex.client.runtime.PokeClient#pokeRestClientBlocking
	- declared on CLASS bean [types=[quarkiverse.pokedex.client.runtime.PokeClient, java.lang.Object], qualifiers=[@Default, @Any], target=quarkiverse.pokedex.client.runtime.PokeClient]
	at io.quarkus.arc.processor.BeanDeployment.processErrors(BeanDeployment.java:1223)
	at io.quarkus.arc.processor.BeanDeployment.init(BeanDeployment.java:288)
	at io.quarkus.arc.processor.BeanProcessor.initialize(BeanProcessor.java:148)
	at io.quarkus.arc.deployment.ArcProcessor.validate(ArcProcessor.java:526)
	at java.base/jdk.internal.reflect.NativeMethodAccessorImpl.invoke0(Native Method)
	at java.base/jdk.internal.reflect.NativeMethodAccessorImpl.invoke(NativeMethodAccessorImpl.java:62)
	at java.base/jdk.internal.reflect.DelegatingMethodAccessorImpl.invoke(DelegatingMethodAccessorImpl.java:43)
	at java.base/java.lang.reflect.Method.invoke(Method.java:566)
	at io.quarkus.deployment.ExtensionLoader$3.execute(ExtensionLoader.java:909)
	at io.quarkus.builder.BuildContext.run(BuildContext.java:281)
	at org.jboss.threads.ContextHandler$1.runWith(ContextHandler.java:18)
	at org.jboss.threads.EnhancedQueueExecutor$Task.run(EnhancedQueueExecutor.java:2449)
	at org.jboss.threads.EnhancedQueueExecutor$ThreadBody.run(EnhancedQueueExecutor.java:1478)
	at java.base/java.lang.Thread.run(Thread.java:829)
	at org.jboss.threads.JBossThread.run(JBossThread.java:501)
Caused by: javax.enterprise.inject.UnsatisfiedResolutionException: Unsatisfied dependency for type quarkiverse.pokedex.client.runtime.rest.PokeRestClientBlocking and qualifiers [@RestClient]
	- java member: quarkiverse.pokedex.client.runtime.PokeClient#pokeRestClientBlocking
	- declared on CLASS bean [types=[quarkiverse.pokedex.client.runtime.PokeClient, java.lang.Object], qualifiers=[@Default, @Any], target=quarkiverse.pokedex.client.runtime.PokeClient]
	at io.quarkus.arc.processor.Beans.resolveInjectionPoint(Beans.java:440)
	at io.quarkus.arc.processor.BeanInfo.init(BeanInfo.java:539)
	at io.quarkus.arc.processor.BeanDeployment.init(BeanDeployment.java:276)
	... 13 more

	at io.quarkus.runner.bootstrap.AugmentActionImpl.runAugment(AugmentActionImpl.java:335)
	at io.quarkus.runner.bootstrap.AugmentActionImpl.createInitialRuntimeApplication(AugmentActionImpl.java:252)
	at io.quarkus.runner.bootstrap.AugmentActionImpl.createInitialRuntimeApplication(AugmentActionImpl.java:60)
	at io.quarkus.deployment.dev.IsolatedDevModeMain.firstStart(IsolatedDevModeMain.java:86)
	at io.quarkus.deployment.dev.IsolatedDevModeMain.accept(IsolatedDevModeMain.java:447)
	at io.quarkus.deployment.dev.IsolatedDevModeMain.accept(IsolatedDevModeMain.java:59)
	at io.quarkus.bootstrap.app.CuratedApplication.runInCl(CuratedApplication.java:149)
	at io.quarkus.bootstrap.app.CuratedApplication.runInAugmentClassLoader(CuratedApplication.java:104)
	at io.quarkus.deployment.dev.DevModeMain.start(DevModeMain.java:131)
	at io.quarkus.test.QuarkusDevModeTest.beforeEach(QuarkusDevModeTest.java:291)
	at org.junit.jupiter.engine.descriptor.TestMethodTestDescriptor.lambda$invokeBeforeEachCallbacks$2(TestMethodTestDescriptor.java:166)
	at org.junit.jupiter.engine.descriptor.TestMethodTestDescriptor.lambda$invokeBeforeMethodsOrCallbacksUntilExceptionOccurs$6(TestMethodTestDescriptor.java:202)
	at org.junit.platform.engine.support.hierarchical.ThrowableCollector.execute(ThrowableCollector.java:73)
	at org.junit.jupiter.engine.descriptor.TestMethodTestDescriptor.invokeBeforeMethodsOrCallbacksUntilExceptionOccurs(TestMethodTestDescriptor.java:202)
	at org.junit.jupiter.engine.descriptor.TestMethodTestDescriptor.invokeBeforeEachCallbacks(TestMethodTestDescriptor.java:165)
	at org.junit.jupiter.engine.descriptor.TestMethodTestDescriptor.execute(TestMethodTestDescriptor.java:132)
	at org.junit.jupiter.engine.descriptor.TestMethodTestDescriptor.execute(TestMethodTestDescriptor.java:68)
	at org.junit.platform.engine.support.hierarchical.NodeTestTask.lambda$executeRecursively$6(NodeTestTask.java:151)
	at org.junit.platform.engine.support.hierarchical.ThrowableCollector.execute(ThrowableCollector.java:73)
	at org.junit.platform.engine.support.hierarchical.NodeTestTask.lambda$executeRecursively$8(NodeTestTask.java:141)
	at org.junit.platform.engine.support.hierarchical.Node.around(Node.java:137)
	at org.junit.platform.engine.support.hierarchical.NodeTestTask.lambda$executeRecursively$9(NodeTestTask.java:139)
	at org.junit.platform.engine.support.hierarchical.ThrowableCollector.execute(ThrowableCollector.java:73)
	at org.junit.platform.engine.support.hierarchical.NodeTestTask.executeRecursively(NodeTestTask.java:138)
	at org.junit.platform.engine.support.hierarchical.NodeTestTask.execute(NodeTestTask.java:95)
	at java.base/java.util.ArrayList.forEach(ArrayList.java:1541)
	at org.junit.platform.engine.support.hierarchical.SameThreadHierarchicalTestExecutorService.invokeAll(SameThreadHierarchicalTestExecutorService.java:41)
	at org.junit.platform.engine.support.hierarchical.NodeTestTask.lambda$executeRecursively$6(NodeTestTask.java:155)
	at org.junit.platform.engine.support.hierarchical.ThrowableCollector.execute(ThrowableCollector.java:73)
	at org.junit.platform.engine.support.hierarchical.NodeTestTask.lambda$executeRecursively$8(NodeTestTask.java:141)
	at org.junit.platform.engine.support.hierarchical.Node.around(Node.java:137)
	at org.junit.platform.engine.support.hierarchical.NodeTestTask.lambda$executeRecursively$9(NodeTestTask.java:139)
	at org.junit.platform.engine.support.hierarchical.ThrowableCollector.execute(ThrowableCollector.java:73)
	at org.junit.platform.engine.support.hierarchical.NodeTestTask.executeRecursively(NodeTestTask.java:138)
	at org.junit.platform.engine.support.hierarchical.NodeTestTask.execute(NodeTestTask.java:95)
	at java.base/java.util.ArrayList.forEach(ArrayList.java:1541)
	at org.junit.platform.engine.support.hierarchical.SameThreadHierarchicalTestExecutorService.invokeAll(SameThreadHierarchicalTestExecutorService.java:41)
	at org.junit.platform.engine.support.hierarchical.NodeTestTask.lambda$executeRecursively$6(NodeTestTask.java:155)
	at org.junit.platform.engine.support.hierarchical.ThrowableCollector.execute(ThrowableCollector.java:73)
	at org.junit.platform.engine.support.hierarchical.NodeTestTask.lambda$executeRecursively$8(NodeTestTask.java:141)
	at org.junit.platform.engine.support.hierarchical.Node.around(Node.java:137)
	at org.junit.platform.engine.support.hierarchical.NodeTestTask.lambda$executeRecursively$9(NodeTestTask.java:139)
	at org.junit.platform.engine.support.hierarchical.ThrowableCollector.execute(ThrowableCollector.java:73)
	at org.junit.platform.engine.support.hierarchical.NodeTestTask.executeRecursively(NodeTestTask.java:138)
	at org.junit.platform.engine.support.hierarchical.NodeTestTask.execute(NodeTestTask.java:95)
	at org.junit.platform.engine.support.hierarchical.SameThreadHierarchicalTestExecutorService.submit(SameThreadHierarchicalTestExecutorService.java:35)
	at org.junit.platform.engine.support.hierarchical.HierarchicalTestExecutor.execute(HierarchicalTestExecutor.java:57)
	at org.junit.platform.engine.support.hierarchical.HierarchicalTestEngine.execute(HierarchicalTestEngine.java:54)
	at org.junit.platform.launcher.core.EngineExecutionOrchestrator.execute(EngineExecutionOrchestrator.java:147)
	at org.junit.platform.launcher.core.EngineExecutionOrchestrator.execute(EngineExecutionOrchestrator.java:127)
	at org.junit.platform.launcher.core.EngineExecutionOrchestrator.execute(EngineExecutionOrchestrator.java:90)
	at org.junit.platform.launcher.core.EngineExecutionOrchestrator.lambda$execute$0(EngineExecutionOrchestrator.java:55)
	at org.junit.platform.launcher.core.EngineExecutionOrchestrator.withInterceptedStreams(EngineExecutionOrchestrator.java:102)
	at org.junit.platform.launcher.core.EngineExecutionOrchestrator.execute(EngineExecutionOrchestrator.java:54)
	at org.junit.platform.launcher.core.DefaultLauncher.execute(DefaultLauncher.java:114)
	at org.junit.platform.launcher.core.DefaultLauncher.execute(DefaultLauncher.java:86)
	at org.junit.platform.launcher.core.DefaultLauncherSession$DelegatingLauncher.execute(DefaultLauncherSession.java:86)
	at org.apache.maven.surefire.junitplatform.LazyLauncher.execute(LazyLauncher.java:55)
	at org.apache.maven.surefire.junitplatform.JUnitPlatformProvider.execute(JUnitPlatformProvider.java:223)
	at org.apache.maven.surefire.junitplatform.JUnitPlatformProvider.invokeAllTests(JUnitPlatformProvider.java:175)
	at org.apache.maven.surefire.junitplatform.JUnitPlatformProvider.invoke(JUnitPlatformProvider.java:139)
	at org.apache.maven.surefire.booter.ForkedBooter.runSuitesInProcess(ForkedBooter.java:456)
	at org.apache.maven.surefire.booter.ForkedBooter.execute(ForkedBooter.java:169)
	at org.apache.maven.surefire.booter.ForkedBooter.run(ForkedBooter.java:595)
	at org.apache.maven.surefire.booter.ForkedBooter.main(ForkedBooter.java:581)
Caused by: io.quarkus.builder.BuildException: Build failure: Build failed due to errors
	[error]: Build step io.quarkus.arc.deployment.ArcProcessor#validate threw an exception: javax.enterprise.inject.spi.DeploymentException: javax.enterprise.inject.UnsatisfiedResolutionException: Unsatisfied dependency for type quarkiverse.pokedex.client.runtime.rest.PokeRestClientBlocking and qualifiers [@RestClient]
	- java member: quarkiverse.pokedex.client.runtime.PokeClient#pokeRestClientBlocking
	- declared on CLASS bean [types=[quarkiverse.pokedex.client.runtime.PokeClient, java.lang.Object], qualifiers=[@Default, @Any], target=quarkiverse.pokedex.client.runtime.PokeClient]
	at io.quarkus.arc.processor.BeanDeployment.processErrors(BeanDeployment.java:1223)
	at io.quarkus.arc.processor.BeanDeployment.init(BeanDeployment.java:288)
	at io.quarkus.arc.processor.BeanProcessor.initialize(BeanProcessor.java:148)
	at io.quarkus.arc.deployment.ArcProcessor.validate(ArcProcessor.java:526)
	at java.base/jdk.internal.reflect.NativeMethodAccessorImpl.invoke0(Native Method)
	at java.base/jdk.internal.reflect.NativeMethodAccessorImpl.invoke(NativeMethodAccessorImpl.java:62)
	at java.base/jdk.internal.reflect.DelegatingMethodAccessorImpl.invoke(DelegatingMethodAccessorImpl.java:43)
	at java.base/java.lang.reflect.Method.invoke(Method.java:566)
	at io.quarkus.deployment.ExtensionLoader$3.execute(ExtensionLoader.java:909)
	at io.quarkus.builder.BuildContext.run(BuildContext.java:281)
	at org.jboss.threads.ContextHandler$1.runWith(ContextHandler.java:18)
	at org.jboss.threads.EnhancedQueueExecutor$Task.run(EnhancedQueueExecutor.java:2449)
	at org.jboss.threads.EnhancedQueueExecutor$ThreadBody.run(EnhancedQueueExecutor.java:1478)
	at java.base/java.lang.Thread.run(Thread.java:829)
	at org.jboss.threads.JBossThread.run(JBossThread.java:501)
Caused by: javax.enterprise.inject.UnsatisfiedResolutionException: Unsatisfied dependency for type quarkiverse.pokedex.client.runtime.rest.PokeRestClientBlocking and qualifiers [@RestClient]
	- java member: quarkiverse.pokedex.client.runtime.PokeClient#pokeRestClientBlocking
	- declared on CLASS bean [types=[quarkiverse.pokedex.client.runtime.PokeClient, java.lang.Object], qualifiers=[@Default, @Any], target=quarkiverse.pokedex.client.runtime.PokeClient]
	at io.quarkus.arc.processor.Beans.resolveInjectionPoint(Beans.java:440)
	at io.quarkus.arc.processor.BeanInfo.init(BeanInfo.java:539)
	at io.quarkus.arc.processor.BeanDeployment.init(BeanDeployment.java:276)
	... 13 more

	at io.quarkus.builder.Execution.run(Execution.java:123)
	at io.quarkus.builder.BuildExecutionBuilder.execute(BuildExecutionBuilder.java:79)
	at io.quarkus.deployment.QuarkusAugmentor.run(QuarkusAugmentor.java:160)
	at io.quarkus.runner.bootstrap.AugmentActionImpl.runAugment(AugmentActionImpl.java:331)
	... 64 more
Caused by: javax.enterprise.inject.spi.DeploymentException: javax.enterprise.inject.UnsatisfiedResolutionException: Unsatisfied dependency for type quarkiverse.pokedex.client.runtime.rest.PokeRestClientBlocking and qualifiers [@RestClient]
	- java member: quarkiverse.pokedex.client.runtime.PokeClient#pokeRestClientBlocking
	- declared on CLASS bean [types=[quarkiverse.pokedex.client.runtime.PokeClient, java.lang.Object], qualifiers=[@Default, @Any], target=quarkiverse.pokedex.client.runtime.PokeClient]
	at io.quarkus.arc.processor.BeanDeployment.processErrors(BeanDeployment.java:1223)
	at io.quarkus.arc.processor.BeanDeployment.init(BeanDeployment.java:288)
	at io.quarkus.arc.processor.BeanProcessor.initialize(BeanProcessor.java:148)
	at io.quarkus.arc.deployment.ArcProcessor.validate(ArcProcessor.java:526)
	at java.base/jdk.internal.reflect.NativeMethodAccessorImpl.invoke0(Native Method)
	at java.base/jdk.internal.reflect.NativeMethodAccessorImpl.invoke(NativeMethodAccessorImpl.java:62)
	at java.base/jdk.internal.reflect.DelegatingMethodAccessorImpl.invoke(DelegatingMethodAccessorImpl.java:43)
	at java.base/java.lang.reflect.Method.invoke(Method.java:566)
	at io.quarkus.deployment.ExtensionLoader$3.execute(ExtensionLoader.java:909)
	at io.quarkus.builder.BuildContext.run(BuildContext.java:281)
	at org.jboss.threads.ContextHandler$1.runWith(ContextHandler.java:18)
	at org.jboss.threads.EnhancedQueueExecutor$Task.run(EnhancedQueueExecutor.java:2449)
	at org.jboss.threads.EnhancedQueueExecutor$ThreadBody.run(EnhancedQueueExecutor.java:1478)
	at java.base/java.lang.Thread.run(Thread.java:829)
	at org.jboss.threads.JBossThread.run(JBossThread.java:501)
Caused by: javax.enterprise.inject.UnsatisfiedResolutionException: Unsatisfied dependency for type quarkiverse.pokedex.client.runtime.rest.PokeRestClientBlocking and qualifiers [@RestClient]
	- java member: quarkiverse.pokedex.client.runtime.PokeClient#pokeRestClientBlocking
	- declared on CLASS bean [types=[quarkiverse.pokedex.client.runtime.PokeClient, java.lang.Object], qualifiers=[@Default, @Any], target=quarkiverse.pokedex.client.runtime.PokeClient]
	at io.quarkus.arc.processor.Beans.resolveInjectionPoint(Beans.java:440)
	at io.quarkus.arc.processor.BeanInfo.init(BeanInfo.java:539)
	at io.quarkus.arc.processor.BeanDeployment.init(BeanDeployment.java:276)
	... 13 more

